ReferenceError: region is not defined
    at Object.exports.run (C:\Users\manager\Desktop\BOT\commands\s_utility_user\server.js:20:30)
    at Client.bot.on (C:\Users\manager\Desktop\BOT\events\onMessage.js:29:21)
    at Client.emit (events.js:194:15)
    at MessageCreateHandler.handle (C:\Users\manager\node_modules\discord.js\src\client\websocket\packets\handlers\MessageCreate.js:9:34)
    at WebSocketPacketManager.handle (C:\Users\manager\node_modules\discord.js\src\client\websocket\packets\WebSocketPacketManager.js:105:65)
    at WebSocketConnection.onPacket (C:\Users\manager\node_modules\discord.js\src\client\websocket\WebSocketConnection.js:333:35)
    at WebSocketConnection.onMessage (C:\Users\manager\node_modules\discord.js\src\client\websocket\WebSocketConnection.js:296:17)
    at WebSocket.onMessage (C:\Users\manager\node_modules\discord.js\node_modules\ws\lib\event-target.js:120:16)
    at WebSocket.emit (events.js:189:13)
    at Receiver.receiverOnMessage (C:\Users\manager\node_modules\discord.js\node_modules\ws\lib\websocket.js:789:20)
ReferenceError: region is not defined
    at Object.exports.run (C:\Users\manager\Desktop\BOT\commands\s_utility_user\server.js:20:30)
    at Client.bot.on (C:\Users\manager\Desktop\BOT\events\onMessage.js:29:21)
    at Client.emit (events.js:194:15)
    at MessageCreateHandler.handle (C:\Users\manager\node_modules\discord.js\src\client\websocket\packets\handlers\MessageCreate.js:9:34)
    at WebSocketPacketManager.handle (C:\Users\manager\node_modules\discord.js\src\client\websocket\packets\WebSocketPacketManager.js:105:65)
    at WebSocketConnection.onPacket (C:\Users\manager\node_modules\discord.js\src\client\websocket\WebSocketConnection.js:333:35)
    at WebSocketConnection.onMessage (C:\Users\manager\node_modules\discord.js\src\client\websocket\WebSocketConnection.js:296:17)
    at WebSocket.onMessage (C:\Users\manager\node_modules\discord.js\node_modules\ws\lib\event-target.js:120:16)
    at WebSocket.emit (events.js:189:13)
    at Receiver.receiverOnMessage (C:\Users\manager\node_modules\discord.js\node_modules\ws\lib\websocket.js:789:20)
ReferenceError: region is not defined
    at Object.exports.run (C:\Users\manager\Desktop\BOT\commands\s_utility_user\server.js:20:30)
    at Client.bot.on (C:\Users\manager\Desktop\BOT\events\onMessage.js:29:21)
    at Client.emit (events.js:194:15)
    at MessageCreateHandler.handle (C:\Users\manager\node_modules\discord.js\src\client\websocket\packets\handlers\MessageCreate.js:9:34)
    at WebSocketPacketManager.handle (C:\Users\manager\node_modules\discord.js\src\client\websocket\packets\WebSocketPacketManager.js:105:65)
    at WebSocketConnection.onPacket (C:\Users\manager\node_modules\discord.js\src\client\websocket\WebSocketConnection.js:333:35)
    at WebSocketConnection.onMessage (C:\Users\manager\node_modules\discord.js\src\client\websocket\WebSocketConnection.js:296:17)
    at WebSocket.onMessage (C:\Users\manager\node_modules\discord.js\node_modules\ws\lib\event-target.js:120:16)
    at WebSocket.emit (events.js:189:13)
    at Receiver.receiverOnMessage (C:\Users\manager\node_modules\discord.js\node_modules\ws\lib\websocket.js:789:20)
ReferenceError: region is not defined
    at Object.exports.run (C:\Users\manager\Desktop\BOT\commands\s_utility_user\server.js:20:30)
    at Client.bot.on (C:\Users\manager\Desktop\BOT\events\onMessage.js:29:21)
    at Client.emit (events.js:194:15)
    at MessageCreateHandler.handle (C:\Users\manager\node_modules\discord.js\src\client\websocket\packets\handlers\MessageCreate.js:9:34)
    at WebSocketPacketManager.handle (C:\Users\manager\node_modules\discord.js\src\client\websocket\packets\WebSocketPacketManager.js:105:65)
    at WebSocketConnection.onPacket (C:\Users\manager\node_modules\discord.js\src\client\websocket\WebSocketConnection.js:333:35)
    at WebSocketConnection.onMessage (C:\Users\manager\node_modules\discord.js\src\client\websocket\WebSocketConnection.js:296:17)
    at WebSocket.onMessage (C:\Users\manager\node_modules\discord.js\node_modules\ws\lib\event-target.js:120:16)
    at WebSocket.emit (events.js:189:13)
    at Receiver.receiverOnMessage (C:\Users\manager\node_modules\discord.js\node_modules\ws\lib\websocket.js:789:20)
ReferenceError: region is not defined
    at Object.exports.run (C:\Users\manager\Desktop\BOT\commands\s_utility_user\server.js:20:30)
    at Client.bot.on (C:\Users\manager\Desktop\BOT\events\onMessage.js:29:21)
    at Client.emit (events.js:194:15)
    at MessageCreateHandler.handle (C:\Users\manager\node_modules\discord.js\src\client\websocket\packets\handlers\MessageCreate.js:9:34)
    at WebSocketPacketManager.handle (C:\Users\manager\node_modules\discord.js\src\client\websocket\packets\WebSocketPacketManager.js:105:65)
    at WebSocketConnection.onPacket (C:\Users\manager\node_modules\discord.js\src\client\websocket\WebSocketConnection.js:333:35)
    at WebSocketConnection.onMessage (C:\Users\manager\node_modules\discord.js\src\client\websocket\WebSocketConnection.js:296:17)
    at WebSocket.onMessage (C:\Users\manager\node_modules\discord.js\node_modules\ws\lib\event-target.js:120:16)
    at WebSocket.emit (events.js:189:13)
    at Receiver.receiverOnMessage (C:\Users\manager\node_modules\discord.js\node_modules\ws\lib\websocket.js:789:20)
ReferenceError: region is not defined
    at Object.exports.run (C:\Users\manager\Desktop\BOT\commands\s_utility_user\server.js:20:30)
    at Client.bot.on (C:\Users\manager\Desktop\BOT\events\onMessage.js:29:21)
    at Client.emit (events.js:194:15)
    at MessageCreateHandler.handle (C:\Users\manager\node_modules\discord.js\src\client\websocket\packets\handlers\MessageCreate.js:9:34)
    at WebSocketPacketManager.handle (C:\Users\manager\node_modules\discord.js\src\client\websocket\packets\WebSocketPacketManager.js:105:65)
    at WebSocketConnection.onPacket (C:\Users\manager\node_modules\discord.js\src\client\websocket\WebSocketConnection.js:333:35)
    at WebSocketConnection.onMessage (C:\Users\manager\node_modules\discord.js\src\client\websocket\WebSocketConnection.js:296:17)
    at WebSocket.onMessage (C:\Users\manager\node_modules\discord.js\node_modules\ws\lib\event-target.js:120:16)
    at WebSocket.emit (events.js:189:13)
    at Receiver.receiverOnMessage (C:\Users\manager\node_modules\discord.js\node_modules\ws\lib\websocket.js:789:20)
ReferenceError: region is not defined
    at Object.exports.run (C:\Users\manager\Desktop\BOT\commands\s_utility_user\server.js:20:30)
    at Client.bot.on (C:\Users\manager\Desktop\BOT\events\onMessage.js:29:21)
    at Client.emit (events.js:194:15)
    at MessageCreateHandler.handle (C:\Users\manager\node_modules\discord.js\src\client\websocket\packets\handlers\MessageCreate.js:9:34)
    at WebSocketPacketManager.handle (C:\Users\manager\node_modules\discord.js\src\client\websocket\packets\WebSocketPacketManager.js:105:65)
    at WebSocketConnection.onPacket (C:\Users\manager\node_modules\discord.js\src\client\websocket\WebSocketConnection.js:333:35)
    at WebSocketConnection.onMessage (C:\Users\manager\node_modules\discord.js\src\client\websocket\WebSocketConnection.js:296:17)
    at WebSocket.onMessage (C:\Users\manager\node_modules\discord.js\node_modules\ws\lib\event-target.js:120:16)
    at WebSocket.emit (events.js:189:13)
    at Receiver.receiverOnMessage (C:\Users\manager\node_modules\discord.js\node_modules\ws\lib\websocket.js:789:20)
ReferenceError: region is not defined
    at Object.exports.run (C:\Users\manager\Desktop\BOT\commands\s_utility_user\server.js:20:30)
    at Client.bot.on (C:\Users\manager\Desktop\BOT\events\onMessage.js:29:21)
    at Client.emit (events.js:194:15)
    at MessageCreateHandler.handle (C:\Users\manager\node_modules\discord.js\src\client\websocket\packets\handlers\MessageCreate.js:9:34)
    at WebSocketPacketManager.handle (C:\Users\manager\node_modules\discord.js\src\client\websocket\packets\WebSocketPacketManager.js:105:65)
    at WebSocketConnection.onPacket (C:\Users\manager\node_modules\discord.js\src\client\websocket\WebSocketConnection.js:333:35)
    at WebSocketConnection.onMessage (C:\Users\manager\node_modules\discord.js\src\client\websocket\WebSocketConnection.js:296:17)
    at WebSocket.onMessage (C:\Users\manager\node_modules\discord.js\node_modules\ws\lib\event-target.js:120:16)
    at WebSocket.emit (events.js:189:13)
    at Receiver.receiverOnMessage (C:\Users\manager\node_modules\discord.js\node_modules\ws\lib\websocket.js:789:20)
