TypeError: Cannot read property 'timer' of undefined
    at Client.bot.on (C:\Users\manager\Desktop\BOT\events\onMessage.js:25:47)
    at Client.emit (events.js:194:15)
    at MessageCreateHandler.handle (C:\Users\manager\node_modules\discord.js\src\client\websocket\packets\handlers\MessageCreate.js:9:34)
    at WebSocketPacketManager.handle (C:\Users\manager\node_modules\discord.js\src\client\websocket\packets\WebSocketPacketManager.js:105:65)
    at WebSocketConnection.onPacket (C:\Users\manager\node_modules\discord.js\src\client\websocket\WebSocketConnection.js:333:35)
    at WebSocketConnection.onMessage (C:\Users\manager\node_modules\discord.js\src\client\websocket\WebSocketConnection.js:296:17)
    at WebSocket.onMessage (C:\Users\manager\node_modules\discord.js\node_modules\ws\lib\event-target.js:120:16)
    at WebSocket.emit (events.js:189:13)
    at Receiver.receiverOnMessage (C:\Users\manager\node_modules\discord.js\node_modules\ws\lib\websocket.js:789:20)
    at Receiver.emit (events.js:189:13)
TypeError: Cannot read property 'timer' of undefined
    at Client.bot.on (C:\Users\manager\Desktop\BOT\events\onMessage.js:25:47)
    at Client.emit (events.js:194:15)
    at MessageCreateHandler.handle (C:\Users\manager\node_modules\discord.js\src\client\websocket\packets\handlers\MessageCreate.js:9:34)
    at WebSocketPacketManager.handle (C:\Users\manager\node_modules\discord.js\src\client\websocket\packets\WebSocketPacketManager.js:105:65)
    at WebSocketConnection.onPacket (C:\Users\manager\node_modules\discord.js\src\client\websocket\WebSocketConnection.js:333:35)
    at WebSocketConnection.onMessage (C:\Users\manager\node_modules\discord.js\src\client\websocket\WebSocketConnection.js:296:17)
    at WebSocket.onMessage (C:\Users\manager\node_modules\discord.js\node_modules\ws\lib\event-target.js:120:16)
    at WebSocket.emit (events.js:189:13)
    at Receiver.receiverOnMessage (C:\Users\manager\node_modules\discord.js\node_modules\ws\lib\websocket.js:789:20)
    at Receiver.emit (events.js:189:13)
SyntaxError: Identifier 'value' has already been declared
    at Client.bot.on (C:\Users\manager\Desktop\BOT\events\onMessage.js:29:21)
    at Client.emit (events.js:194:15)
    at MessageCreateHandler.handle (C:\Users\manager\node_modules\discord.js\src\client\websocket\packets\handlers\MessageCreate.js:9:34)
    at WebSocketPacketManager.handle (C:\Users\manager\node_modules\discord.js\src\client\websocket\packets\WebSocketPacketManager.js:105:65)
    at WebSocketConnection.onPacket (C:\Users\manager\node_modules\discord.js\src\client\websocket\WebSocketConnection.js:333:35)
    at WebSocketConnection.onMessage (C:\Users\manager\node_modules\discord.js\src\client\websocket\WebSocketConnection.js:296:17)
    at WebSocket.onMessage (C:\Users\manager\node_modules\discord.js\node_modules\ws\lib\event-target.js:120:16)
    at WebSocket.emit (events.js:189:13)
    at Receiver.receiverOnMessage (C:\Users\manager\node_modules\discord.js\node_modules\ws\lib\websocket.js:789:20)
    at Receiver.emit (events.js:189:13)
SyntaxError: Identifier 'value' has already been declared
    at Client.bot.on (C:\Users\manager\Desktop\BOT\events\onMessage.js:29:21)
    at Client.emit (events.js:194:15)
    at MessageCreateHandler.handle (C:\Users\manager\node_modules\discord.js\src\client\websocket\packets\handlers\MessageCreate.js:9:34)
    at WebSocketPacketManager.handle (C:\Users\manager\node_modules\discord.js\src\client\websocket\packets\WebSocketPacketManager.js:105:65)
    at WebSocketConnection.onPacket (C:\Users\manager\node_modules\discord.js\src\client\websocket\WebSocketConnection.js:333:35)
    at WebSocketConnection.onMessage (C:\Users\manager\node_modules\discord.js\src\client\websocket\WebSocketConnection.js:296:17)
    at WebSocket.onMessage (C:\Users\manager\node_modules\discord.js\node_modules\ws\lib\event-target.js:120:16)
    at WebSocket.emit (events.js:189:13)
    at Receiver.receiverOnMessage (C:\Users\manager\node_modules\discord.js\node_modules\ws\lib\websocket.js:789:20)
    at Receiver.emit (events.js:189:13)
SyntaxError: Identifier 'value' has already been declared
    at Client.bot.on (C:\Users\manager\Desktop\BOT\events\onMessage.js:29:21)
    at Client.emit (events.js:194:15)
    at MessageCreateHandler.handle (C:\Users\manager\node_modules\discord.js\src\client\websocket\packets\handlers\MessageCreate.js:9:34)
    at WebSocketPacketManager.handle (C:\Users\manager\node_modules\discord.js\src\client\websocket\packets\WebSocketPacketManager.js:105:65)
    at WebSocketConnection.onPacket (C:\Users\manager\node_modules\discord.js\src\client\websocket\WebSocketConnection.js:333:35)
    at WebSocketConnection.onMessage (C:\Users\manager\node_modules\discord.js\src\client\websocket\WebSocketConnection.js:296:17)
    at WebSocket.onMessage (C:\Users\manager\node_modules\discord.js\node_modules\ws\lib\event-target.js:120:16)
    at WebSocket.emit (events.js:189:13)
    at Receiver.receiverOnMessage (C:\Users\manager\node_modules\discord.js\node_modules\ws\lib\websocket.js:789:20)
    at Receiver.emit (events.js:189:13)
SyntaxError: Identifier 'value' has already been declared
    at Client.bot.on (C:\Users\manager\Desktop\BOT\events\onMessage.js:29:21)
    at Client.emit (events.js:194:15)
    at MessageCreateHandler.handle (C:\Users\manager\node_modules\discord.js\src\client\websocket\packets\handlers\MessageCreate.js:9:34)
    at WebSocketPacketManager.handle (C:\Users\manager\node_modules\discord.js\src\client\websocket\packets\WebSocketPacketManager.js:105:65)
    at WebSocketConnection.onPacket (C:\Users\manager\node_modules\discord.js\src\client\websocket\WebSocketConnection.js:333:35)
    at WebSocketConnection.onMessage (C:\Users\manager\node_modules\discord.js\src\client\websocket\WebSocketConnection.js:296:17)
    at WebSocket.onMessage (C:\Users\manager\node_modules\discord.js\node_modules\ws\lib\event-target.js:120:16)
    at WebSocket.emit (events.js:189:13)
    at Receiver.receiverOnMessage (C:\Users\manager\node_modules\discord.js\node_modules\ws\lib\websocket.js:789:20)
    at Receiver.emit (events.js:189:13)
SyntaxError: Identifier 'value' has already been declared
    at Client.bot.on (C:\Users\manager\Desktop\BOT\events\onMessage.js:29:21)
    at Client.emit (events.js:194:15)
    at MessageCreateHandler.handle (C:\Users\manager\node_modules\discord.js\src\client\websocket\packets\handlers\MessageCreate.js:9:34)
    at WebSocketPacketManager.handle (C:\Users\manager\node_modules\discord.js\src\client\websocket\packets\WebSocketPacketManager.js:105:65)
    at WebSocketConnection.onPacket (C:\Users\manager\node_modules\discord.js\src\client\websocket\WebSocketConnection.js:333:35)
    at WebSocketConnection.onMessage (C:\Users\manager\node_modules\discord.js\src\client\websocket\WebSocketConnection.js:296:17)
    at WebSocket.onMessage (C:\Users\manager\node_modules\discord.js\node_modules\ws\lib\event-target.js:120:16)
    at WebSocket.emit (events.js:189:13)
    at Receiver.receiverOnMessage (C:\Users\manager\node_modules\discord.js\node_modules\ws\lib\websocket.js:789:20)
    at Receiver.emit (events.js:189:13)
SyntaxError: Identifier 'value' has already been declared
    at Client.bot.on (C:\Users\manager\Desktop\BOT\events\onMessage.js:29:21)
    at Client.emit (events.js:194:15)
    at MessageCreateHandler.handle (C:\Users\manager\node_modules\discord.js\src\client\websocket\packets\handlers\MessageCreate.js:9:34)
    at WebSocketPacketManager.handle (C:\Users\manager\node_modules\discord.js\src\client\websocket\packets\WebSocketPacketManager.js:105:65)
    at WebSocketConnection.onPacket (C:\Users\manager\node_modules\discord.js\src\client\websocket\WebSocketConnection.js:333:35)
    at WebSocketConnection.onMessage (C:\Users\manager\node_modules\discord.js\src\client\websocket\WebSocketConnection.js:296:17)
    at WebSocket.onMessage (C:\Users\manager\node_modules\discord.js\node_modules\ws\lib\event-target.js:120:16)
    at WebSocket.emit (events.js:189:13)
    at Receiver.receiverOnMessage (C:\Users\manager\node_modules\discord.js\node_modules\ws\lib\websocket.js:789:20)
    at Receiver.emit (events.js:189:13)
TypeError: Cannot read property 'timer' of undefined
    at Client.bot.on (C:\Users\manager\Desktop\BOT\events\onMessage.js:25:47)
    at Client.emit (events.js:194:15)
    at MessageCreateHandler.handle (C:\Users\manager\node_modules\discord.js\src\client\websocket\packets\handlers\MessageCreate.js:9:34)
    at WebSocketPacketManager.handle (C:\Users\manager\node_modules\discord.js\src\client\websocket\packets\WebSocketPacketManager.js:105:65)
    at WebSocketConnection.onPacket (C:\Users\manager\node_modules\discord.js\src\client\websocket\WebSocketConnection.js:333:35)
    at WebSocketConnection.onMessage (C:\Users\manager\node_modules\discord.js\src\client\websocket\WebSocketConnection.js:296:17)
    at WebSocket.onMessage (C:\Users\manager\node_modules\discord.js\node_modules\ws\lib\event-target.js:120:16)
    at WebSocket.emit (events.js:189:13)
    at Receiver.receiverOnMessage (C:\Users\manager\node_modules\discord.js\node_modules\ws\lib\websocket.js:789:20)
    at Receiver.emit (events.js:189:13)
TypeError: Cannot read property 'timer' of undefined
    at Client.bot.on (C:\Users\manager\Desktop\BOT\events\onMessage.js:25:47)
    at Client.emit (events.js:194:15)
    at MessageCreateHandler.handle (C:\Users\manager\node_modules\discord.js\src\client\websocket\packets\handlers\MessageCreate.js:9:34)
    at WebSocketPacketManager.handle (C:\Users\manager\node_modules\discord.js\src\client\websocket\packets\WebSocketPacketManager.js:105:65)
    at WebSocketConnection.onPacket (C:\Users\manager\node_modules\discord.js\src\client\websocket\WebSocketConnection.js:333:35)
    at WebSocketConnection.onMessage (C:\Users\manager\node_modules\discord.js\src\client\websocket\WebSocketConnection.js:296:17)
    at WebSocket.onMessage (C:\Users\manager\node_modules\discord.js\node_modules\ws\lib\event-target.js:120:16)
    at WebSocket.emit (events.js:189:13)
    at Receiver.receiverOnMessage (C:\Users\manager\node_modules\discord.js\node_modules\ws\lib\websocket.js:789:20)
    at Receiver.emit (events.js:189:13)
